<?xml version="1.0" encoding="UTF-8"?>
<!-- Generated by org.testng.reporters.JUnitReportReporter -->
<testsuite hostname="IN-PF42S2RF" failures="8" tests="197" name="src.in.valtech.cl.scenarios.TC_Scenario_04" time="4782.127" errors="2" timestamp="27 Feb 2024 14:31:02 GMT">
  <testcase classname="src.in.valtech.cl.scenarios.TC_Scenario_04" name="step152_VerifiedOrderStatusInOrdersPage" time="56.950"/>
  <testcase classname="src.in.valtech.cl.scenarios.TC_Scenario_04" name="step174_NavigatedIntoAdyenAndClickOnPaymentTab" time="37.483">
    <failure message="no such element: Unable to locate element: {&quot;method&quot;:&quot;xpath&quot;,&quot;selector&quot;:&quot;//input[@name=&#039;password&#039;]&quot;}
  (Session info: chrome=121.0.6167.185)
For documentation on this error, please visit: https://www.seleniumhq.org/exceptions/no_such_element.html
Build info: version: &#039;3.141.59&#039;, revision: &#039;e82be7d358&#039;, time: &#039;2018-11-14T08:17:03&#039;
System info: host: &#039;IN-PF42S2RF&#039;, ip: &#039;192.168.1.6&#039;, os.name: &#039;Windows 10&#039;, os.arch: &#039;amd64&#039;, os.version: &#039;10.0&#039;, java.version: &#039;11.0.2&#039;
Driver info: org.openqa.selenium.chrome.ChromeDriver
Capabilities {acceptInsecureCerts: false, browserName: chrome, browserVersion: 121.0.6167.185, chrome: {chromedriverVersion: 121.0.6167.85 (3f98d690ad7e..., userDataDir: C:\Users\CHAITR~1.BAB\AppDa...}, fedcm:accounts: true, goog:chromeOptions: {debuggerAddress: localhost:49701}, javascriptEnabled: true, networkConnectionEnabled: false, pageLoadStrategy: normal, platform: WINDOWS, platformName: WINDOWS, proxy: Proxy(), setWindowRect: true, strictFileInteractability: false, timeouts: {implicit: 0, pageLoad: 300000, script: 30000}, unhandledPromptBehavior: dismiss and notify, webauthn:extension:credBlob: true, webauthn:extension:largeBlob: true, webauthn:extension:minPinLength: true, webauthn:extension:prf: true, webauthn:virtualAuthenticators: true}
Session ID: 15b88e443ff023bd2129287fbc276e60
*** Element info: {Using=xpath, value=//input[@name=&#039;password&#039;]}" type="org.openqa.selenium.NoSuchElementException">
      <![CDATA[org.openqa.selenium.NoSuchElementException: no such element: Unable to locate element: {"method":"xpath","selector":"//input[@name='password']"}
  (Session info: chrome=121.0.6167.185)
For documentation on this error, please visit: https://www.seleniumhq.org/exceptions/no_such_element.html
Build info: version: '3.141.59', revision: 'e82be7d358', time: '2018-11-14T08:17:03'
System info: host: 'IN-PF42S2RF', ip: '192.168.1.6', os.name: 'Windows 10', os.arch: 'amd64', os.version: '10.0', java.version: '11.0.2'
Driver info: org.openqa.selenium.chrome.ChromeDriver
Capabilities {acceptInsecureCerts: false, browserName: chrome, browserVersion: 121.0.6167.185, chrome: {chromedriverVersion: 121.0.6167.85 (3f98d690ad7e..., userDataDir: C:\Users\CHAITR~1.BAB\AppDa...}, fedcm:accounts: true, goog:chromeOptions: {debuggerAddress: localhost:49701}, javascriptEnabled: true, networkConnectionEnabled: false, pageLoadStrategy: normal, platform: WINDOWS, platformName: WINDOWS, proxy: Proxy(), setWindowRect: true, strictFileInteractability: false, timeouts: {implicit: 0, pageLoad: 300000, script: 30000}, unhandledPromptBehavior: dismiss and notify, webauthn:extension:credBlob: true, webauthn:extension:largeBlob: true, webauthn:extension:minPinLength: true, webauthn:extension:prf: true, webauthn:virtualAuthenticators: true}
Session ID: 15b88e443ff023bd2129287fbc276e60
*** Element info: {Using=xpath, value=//input[@name='password']}
	at jdk.internal.reflect.GeneratedConstructorAccessor73.newInstance(Unknown Source)
	at java.base/jdk.internal.reflect.DelegatingConstructorAccessorImpl.newInstance(DelegatingConstructorAccessorImpl.java:45)
	at java.base/java.lang.reflect.Constructor.newInstance(Constructor.java:490)
	at org.openqa.selenium.remote.http.W3CHttpResponseCodec.createException(W3CHttpResponseCodec.java:185)
	at org.openqa.selenium.remote.http.W3CHttpResponseCodec.decode(W3CHttpResponseCodec.java:120)
	at org.openqa.selenium.remote.http.W3CHttpResponseCodec.decode(W3CHttpResponseCodec.java:49)
	at org.openqa.selenium.remote.HttpCommandExecutor.execute(HttpCommandExecutor.java:164)
	at org.openqa.selenium.remote.service.DriverCommandExecutor.execute(DriverCommandExecutor.java:83)
	at org.openqa.selenium.remote.RemoteWebDriver.execute(RemoteWebDriver.java:586)
	at org.openqa.selenium.remote.RemoteWebDriver.findElement(RemoteWebDriver.java:356)
	at org.openqa.selenium.remote.RemoteWebDriver.findElementByXPath(RemoteWebDriver.java:458)
	at org.openqa.selenium.By$ByXPath.findElement(By.java:353)
	at org.openqa.selenium.remote.RemoteWebDriver.findElement(RemoteWebDriver.java:348)
	at src.in.valtech.cl.scenarios.TC_Scenario_04.step174_NavigatedIntoAdyenAndClickOnPaymentTab(TC_Scenario_04.java:1662)
	at java.base/jdk.internal.reflect.NativeMethodAccessorImpl.invoke0(Native Method)
	at java.base/jdk.internal.reflect.NativeMethodAccessorImpl.invoke(NativeMethodAccessorImpl.java:62)
	at java.base/jdk.internal.reflect.DelegatingMethodAccessorImpl.invoke(DelegatingMethodAccessorImpl.java:43)
	at java.base/java.lang.reflect.Method.invoke(Method.java:566)
	at org.testng.internal.MethodInvocationHelper.invokeMethod(MethodInvocationHelper.java:80)
	at org.testng.internal.Invoker.invokeMethod(Invoker.java:714)
	at org.testng.internal.Invoker.invokeTestMethod(Invoker.java:901)
	at org.testng.internal.Invoker.invokeTestMethods(Invoker.java:1231)
	at org.testng.internal.TestMethodWorker.invokeTestMethods(TestMethodWorker.java:127)
	at org.testng.internal.TestMethodWorker.run(TestMethodWorker.java:111)
	at org.testng.TestRunner.privateRun(TestRunner.java:767)
	at org.testng.TestRunner.run(TestRunner.java:617)
	at org.testng.SuiteRunner.runTest(SuiteRunner.java:334)
	at org.testng.SuiteRunner.access$000(SuiteRunner.java:37)
	at org.testng.SuiteRunner$SuiteWorker.run(SuiteRunner.java:368)
	at org.testng.internal.thread.ThreadUtil$2.call(ThreadUtil.java:64)
	at java.base/java.util.concurrent.FutureTask.run(FutureTask.java:264)
	at java.base/java.util.concurrent.ThreadPoolExecutor.runWorker(ThreadPoolExecutor.java:1128)
	at java.base/java.util.concurrent.ThreadPoolExecutor$Worker.run(ThreadPoolExecutor.java:628)
	at java.base/java.lang.Thread.run(Thread.java:834)
]]>
    </failure>
  </testcase> <!-- step174_NavigatedIntoAdyenAndClickOnPaymentTab -->
  <testcase classname="src.in.valtech.cl.scenarios.TC_Scenario_04" name="step91_PickingOrderProcess" time="69.180"/>
  <testcase classname="src.in.valtech.cl.scenarios.TC_Scenario_04" name="step190_RefreshAndVerifyOrderStatusInOrdersPage" time="275.659">
    <failure message="no such element: Unable to locate element: {&quot;method&quot;:&quot;xpath&quot;,&quot;selector&quot;:&quot;//div[contains(text(),&#039;dit Order #24000000030&#039;)]/../following-sibling::td[contains(@class,&#039;status&#039;)]//div&quot;}
  (Session info: chrome=121.0.6167.185)
For documentation on this error, please visit: https://www.seleniumhq.org/exceptions/no_such_element.html
Build info: version: &#039;3.141.59&#039;, revision: &#039;e82be7d358&#039;, time: &#039;2018-11-14T08:17:03&#039;
System info: host: &#039;IN-PF42S2RF&#039;, ip: &#039;192.168.1.6&#039;, os.name: &#039;Windows 10&#039;, os.arch: &#039;amd64&#039;, os.version: &#039;10.0&#039;, java.version: &#039;11.0.2&#039;
Driver info: org.openqa.selenium.chrome.ChromeDriver
Capabilities {acceptInsecureCerts: false, browserName: chrome, browserVersion: 121.0.6167.185, chrome: {chromedriverVersion: 121.0.6167.85 (3f98d690ad7e..., userDataDir: C:\Users\CHAITR~1.BAB\AppDa...}, fedcm:accounts: true, goog:chromeOptions: {debuggerAddress: localhost:49701}, javascriptEnabled: true, networkConnectionEnabled: false, pageLoadStrategy: normal, platform: WINDOWS, platformName: WINDOWS, proxy: Proxy(), setWindowRect: true, strictFileInteractability: false, timeouts: {implicit: 0, pageLoad: 300000, script: 30000}, unhandledPromptBehavior: dismiss and notify, webauthn:extension:credBlob: true, webauthn:extension:largeBlob: true, webauthn:extension:minPinLength: true, webauthn:extension:prf: true, webauthn:virtualAuthenticators: true}
Session ID: 15b88e443ff023bd2129287fbc276e60
*** Element info: {Using=xpath, value=//div[contains(text(),&#039;dit Order #24000000030&#039;)]/../following-sibling::td[contains(@class,&#039;status&#039;)]//div}" type="org.openqa.selenium.NoSuchElementException">
      <![CDATA[org.openqa.selenium.NoSuchElementException: no such element: Unable to locate element: {"method":"xpath","selector":"//div[contains(text(),'dit Order #24000000030')]/../following-sibling::td[contains(@class,'status')]//div"}
  (Session info: chrome=121.0.6167.185)
For documentation on this error, please visit: https://www.seleniumhq.org/exceptions/no_such_element.html
Build info: version: '3.141.59', revision: 'e82be7d358', time: '2018-11-14T08:17:03'
System info: host: 'IN-PF42S2RF', ip: '192.168.1.6', os.name: 'Windows 10', os.arch: 'amd64', os.version: '10.0', java.version: '11.0.2'
Driver info: org.openqa.selenium.chrome.ChromeDriver
Capabilities {acceptInsecureCerts: false, browserName: chrome, browserVersion: 121.0.6167.185, chrome: {chromedriverVersion: 121.0.6167.85 (3f98d690ad7e..., userDataDir: C:\Users\CHAITR~1.BAB\AppDa...}, fedcm:accounts: true, goog:chromeOptions: {debuggerAddress: localhost:49701}, javascriptEnabled: true, networkConnectionEnabled: false, pageLoadStrategy: normal, platform: WINDOWS, platformName: WINDOWS, proxy: Proxy(), setWindowRect: true, strictFileInteractability: false, timeouts: {implicit: 0, pageLoad: 300000, script: 30000}, unhandledPromptBehavior: dismiss and notify, webauthn:extension:credBlob: true, webauthn:extension:largeBlob: true, webauthn:extension:minPinLength: true, webauthn:extension:prf: true, webauthn:virtualAuthenticators: true}
Session ID: 15b88e443ff023bd2129287fbc276e60
*** Element info: {Using=xpath, value=//div[contains(text(),'dit Order #24000000030')]/../following-sibling::td[contains(@class,'status')]//div}
	at jdk.internal.reflect.GeneratedConstructorAccessor73.newInstance(Unknown Source)
	at java.base/jdk.internal.reflect.DelegatingConstructorAccessorImpl.newInstance(DelegatingConstructorAccessorImpl.java:45)
	at java.base/java.lang.reflect.Constructor.newInstance(Constructor.java:490)
	at org.openqa.selenium.remote.http.W3CHttpResponseCodec.createException(W3CHttpResponseCodec.java:185)
	at org.openqa.selenium.remote.http.W3CHttpResponseCodec.decode(W3CHttpResponseCodec.java:120)
	at org.openqa.selenium.remote.http.W3CHttpResponseCodec.decode(W3CHttpResponseCodec.java:49)
	at org.openqa.selenium.remote.HttpCommandExecutor.execute(HttpCommandExecutor.java:164)
	at org.openqa.selenium.remote.service.DriverCommandExecutor.execute(DriverCommandExecutor.java:83)
	at org.openqa.selenium.remote.RemoteWebDriver.execute(RemoteWebDriver.java:586)
	at org.openqa.selenium.remote.RemoteWebDriver.findElement(RemoteWebDriver.java:356)
	at org.openqa.selenium.remote.RemoteWebDriver.findElementByXPath(RemoteWebDriver.java:458)
	at org.openqa.selenium.By$ByXPath.findElement(By.java:353)
	at org.openqa.selenium.remote.RemoteWebDriver.findElement(RemoteWebDriver.java:348)
	at src.in.valtech.cl.back.pages.BackOfficePage.VerifyOrderStatusInBO_OrdersPage(BackOfficePage.java:383)
	at src.in.valtech.cl.scenarios.TC_Scenario_04.step190_RefreshAndVerifyOrderStatusInOrdersPage(TC_Scenario_04.java:1802)
	at java.base/jdk.internal.reflect.NativeMethodAccessorImpl.invoke0(Native Method)
	at java.base/jdk.internal.reflect.NativeMethodAccessorImpl.invoke(NativeMethodAccessorImpl.java:62)
	at java.base/jdk.internal.reflect.DelegatingMethodAccessorImpl.invoke(DelegatingMethodAccessorImpl.java:43)
	at java.base/java.lang.reflect.Method.invoke(Method.java:566)
	at org.testng.internal.MethodInvocationHelper.invokeMethod(MethodInvocationHelper.java:80)
	at org.testng.internal.Invoker.invokeMethod(Invoker.java:714)
	at org.testng.internal.Invoker.invokeTestMethod(Invoker.java:901)
	at org.testng.internal.Invoker.invokeTestMethods(Invoker.java:1231)
	at org.testng.internal.TestMethodWorker.invokeTestMethods(TestMethodWorker.java:127)
	at org.testng.internal.TestMethodWorker.run(TestMethodWorker.java:111)
	at org.testng.TestRunner.privateRun(TestRunner.java:767)
	at org.testng.TestRunner.run(TestRunner.java:617)
	at org.testng.SuiteRunner.runTest(SuiteRunner.java:334)
	at org.testng.SuiteRunner.access$000(SuiteRunner.java:37)
	at org.testng.SuiteRunner$SuiteWorker.run(SuiteRunner.java:368)
	at org.testng.internal.thread.ThreadUtil$2.call(ThreadUtil.java:64)
	at java.base/java.util.concurrent.FutureTask.run(FutureTask.java:264)
	at java.base/java.util.concurrent.ThreadPoolExecutor.runWorker(ThreadPoolExecutor.java:1128)
	at java.base/java.util.concurrent.ThreadPoolExecutor$Worker.run(ThreadPoolExecutor.java:628)
	at java.base/java.lang.Thread.run(Thread.java:834)
]]>
    </failure>
  </testcase> <!-- step190_RefreshAndVerifyOrderStatusInOrdersPage -->
  <testcase classname="src.in.valtech.cl.scenarios.TC_Scenario_04" name="step17_VerifyMainThumbnailImg" time="0.121"/>
  <testcase classname="src.in.valtech.cl.scenarios.TC_Scenario_04" name="step20_ClosePDPConfirmationMessagePopUPModal" time="5.274"/>
  <testcase classname="src.in.valtech.cl.scenarios.TC_Scenario_04" name="step38_VerifiedDashboardHeaderInBO" time="15.479"/>
  <testcase classname="src.in.valtech.cl.scenarios.TC_Scenario_04" name="step72_VerifiedProcessingOrderTxt" time="2.110"/>
  <testcase classname="src.in.valtech.cl.scenarios.TC_Scenario_04" name="step109_NavigatedIntoMangetoAndVerifiedOrderStatusInOrdersPage" time="124.270"/>
  <testcase classname="src.in.valtech.cl.scenarios.TC_Scenario_04" name="step39_ClickOnCatalogIcon" time="10.607"/>
  <testcase classname="src.in.valtech.cl.scenarios.TC_Scenario_04" name="step100_ClickOnPartialPackingBtn" time="12.198"/>
  <testcase classname="src.in.valtech.cl.scenarios.TC_Scenario_04" name="step178_EnterSKUIDINAddPctsBySKUFld" time="4.906"/>
  <testcase classname="src.in.valtech.cl.scenarios.TC_Scenario_04" name="step198_ComparedSeleableStockInWMSAndBOBothAreSameAfterRefundTheOrder" time="123.635"/>
  <testcase classname="src.in.valtech.cl.scenarios.TC_Scenario_04" name="step112_EnterOrderIDinPaymentTab_adyen" time="14.728"/>
  <testcase classname="src.in.valtech.cl.scenarios.TC_Scenario_04" name="step102_ClickOnConfirmPackingBtn_PartialPacking" time="16.356"/>
  <testcase classname="src.in.valtech.cl.scenarios.TC_Scenario_04" name="step16_ClickonShippingAndVerifiedContent" time="25.556"/>
  <testcase classname="src.in.valtech.cl.scenarios.TC_Scenario_04" name="step156_ClickonViewOptioninOrderGrid" time="11.438"/>
  <testcase classname="src.in.valtech.cl.scenarios.TC_Scenario_04" name="step32_VerifyInitialSaleableStock" time="12.629"/>
  <testcase classname="src.in.valtech.cl.scenarios.TC_Scenario_04" name="step79_ClickOrderstxtFromSalesIcon" time="18.164"/>
  <testcase classname="src.in.valtech.cl.scenarios.TC_Scenario_04" name="step186_Click_SubmitOrderForExchange_BtnForRefundoffline" time="10.209"/>
  <testcase classname="src.in.valtech.cl.scenarios.TC_Scenario_04" name="step59_VerifyPaymentSection" time="22.594"/>
  <testcase classname="src.in.valtech.cl.scenarios.TC_Scenario_04" name="step8_VerifiedAddtoCartbtnInPDP" time="0.082"/>
  <testcase classname="src.in.valtech.cl.scenarios.TC_Scenario_04" name="step110_NaviagtedIntoFOAndVerifiedOrderStatusInMyOrdersPage" time="17.664">
    <error message="expected [null] but found [Commande partiellement expédiée]" type="java.lang.AssertionError">
      <![CDATA[java.lang.AssertionError: expected [null] but found [Commande partiellement expédiée]
	at org.testng.Assert.fail(Assert.java:94)
	at org.testng.Assert.failNotEquals(Assert.java:494)
	at org.testng.Assert.assertEquals(Assert.java:123)
	at org.testng.Assert.assertEquals(Assert.java:176)
	at org.testng.Assert.assertEquals(Assert.java:186)
	at src.in.valtech.cl.scenarios.TC_Scenario_04.step110_NaviagtedIntoFOAndVerifiedOrderStatusInMyOrdersPage(TC_Scenario_04.java:1109)
	at java.base/jdk.internal.reflect.NativeMethodAccessorImpl.invoke0(Native Method)
	at java.base/jdk.internal.reflect.NativeMethodAccessorImpl.invoke(NativeMethodAccessorImpl.java:62)
	at java.base/jdk.internal.reflect.DelegatingMethodAccessorImpl.invoke(DelegatingMethodAccessorImpl.java:43)
	at java.base/java.lang.reflect.Method.invoke(Method.java:566)
	at org.testng.internal.MethodInvocationHelper.invokeMethod(MethodInvocationHelper.java:80)
	at org.testng.internal.Invoker.invokeMethod(Invoker.java:714)
	at org.testng.internal.Invoker.invokeTestMethod(Invoker.java:901)
	at org.testng.internal.Invoker.invokeTestMethods(Invoker.java:1231)
	at org.testng.internal.TestMethodWorker.invokeTestMethods(TestMethodWorker.java:127)
	at org.testng.internal.TestMethodWorker.run(TestMethodWorker.java:111)
	at org.testng.TestRunner.privateRun(TestRunner.java:767)
	at org.testng.TestRunner.run(TestRunner.java:617)
	at org.testng.SuiteRunner.runTest(SuiteRunner.java:334)
	at org.testng.SuiteRunner.access$000(SuiteRunner.java:37)
	at org.testng.SuiteRunner$SuiteWorker.run(SuiteRunner.java:368)
	at org.testng.internal.thread.ThreadUtil$2.call(ThreadUtil.java:64)
	at java.base/java.util.concurrent.FutureTask.run(FutureTask.java:264)
	at java.base/java.util.concurrent.ThreadPoolExecutor.runWorker(ThreadPoolExecutor.java:1128)
	at java.base/java.util.concurrent.ThreadPoolExecutor$Worker.run(ThreadPoolExecutor.java:628)
	at java.base/java.lang.Thread.run(Thread.java:834)
]]>
    </error>
  </testcase> <!-- step110_NaviagtedIntoFOAndVerifiedOrderStatusInMyOrdersPage -->
  <testcase classname="src.in.valtech.cl.scenarios.TC_Scenario_04" name="step111_NavigatedIntoAdyenAndClickOnPaymentTab" time="63.132"/>
  <testcase classname="src.in.valtech.cl.scenarios.TC_Scenario_04" name="step119_ClickOnCreateReturnsButton" time="7.517"/>
  <testcase classname="src.in.valtech.cl.scenarios.TC_Scenario_04" name="step164_VerifiedOrderStatusInOrdersPage" time="78.559"/>
  <testcase classname="src.in.valtech.cl.scenarios.TC_Scenario_04" name="step123_ClickOnAddProductButton" time="7.177"/>
  <testcase classname="src.in.valtech.cl.scenarios.TC_Scenario_04" name="step98_EnteredBarcodeAndSearchForPacking" time="19.388"/>
  <testcase classname="src.in.valtech.cl.scenarios.TC_Scenario_04" name="step116_ClickOnMyOrdersLink" time="8.942"/>
  <testcase classname="src.in.valtech.cl.scenarios.TC_Scenario_04" name="step28_MouseOverElementOnDataListsMenu" time="12.760"/>
  <testcase classname="src.in.valtech.cl.scenarios.TC_Scenario_04" name="step202_VerifyReturnReceptionConfirmationMailContents" time="5.837"/>
  <testcase classname="src.in.valtech.cl.scenarios.TC_Scenario_04" name="step70_VerifiedSuccessMsgAfterPlacingOrder" time="9.785"/>
  <testcase classname="src.in.valtech.cl.scenarios.TC_Scenario_04" name="step103_EnteredQuantityInAnyRow" time="4.280"/>
  <testcase classname="src.in.valtech.cl.scenarios.TC_Scenario_04" name="step14_ClickonProductInfoAndVerifiedContent" time="18.863"/>
  <testcase classname="src.in.valtech.cl.scenarios.TC_Scenario_04" name="step87_NavigatedIntoMangetoAndVerifiedOrderStatusInOrdersPage" time="112.687"/>
  <testcase classname="src.in.valtech.cl.scenarios.TC_Scenario_04" name="step122_ClickOnReturnItems" time="9.480"/>
  <testcase classname="src.in.valtech.cl.scenarios.TC_Scenario_04" name="step23_ClickOnSelectYourSizeButtonAndSelectAnySizeAndVerifyPDP" time="54.838"/>
  <testcase classname="src.in.valtech.cl.scenarios.TC_Scenario_04" name="step135_ClickonOrderGrid" time="48.295"/>
  <testcase classname="src.in.valtech.cl.scenarios.TC_Scenario_04" name="step33_VerifyReservedStock" time="10.102"/>
  <testcase classname="src.in.valtech.cl.scenarios.TC_Scenario_04" name="step69_PayButtonClick" time="9.350"/>
  <testcase classname="src.in.valtech.cl.scenarios.TC_Scenario_04" name="step81_VerifiedOrderStatusInOrdersPage" time="184.762">
    <failure message="element click intercepted: Element &lt;button class=&quot;action-submit&quot; type=&quot;button&quot; data-bind=&quot;attr: {&#039;aria-label&#039;: $t(&#039;Search&#039;)}, click: apply.bind($data, false)&quot; aria-label=&quot;Search&quot;&gt;...&lt;/button&gt; is not clickable at point (541, 278). Other element would receive the click: &lt;div data-role=&quot;spinner&quot; data-component=&quot;sales_order_grid.sales_order_grid.sales_order_columns&quot; class=&quot;admin__data-grid-loading-mask&quot; style=&quot;&quot;&gt;...&lt;/div&gt;
  (Session info: chrome=121.0.6167.185)
Build info: version: &#039;3.141.59&#039;, revision: &#039;e82be7d358&#039;, time: &#039;2018-11-14T08:17:03&#039;
System info: host: &#039;IN-PF42S2RF&#039;, ip: &#039;192.168.1.6&#039;, os.name: &#039;Windows 10&#039;, os.arch: &#039;amd64&#039;, os.version: &#039;10.0&#039;, java.version: &#039;11.0.2&#039;
Driver info: org.openqa.selenium.chrome.ChromeDriver
Capabilities {acceptInsecureCerts: false, browserName: chrome, browserVersion: 121.0.6167.185, chrome: {chromedriverVersion: 121.0.6167.85 (3f98d690ad7e..., userDataDir: C:\Users\CHAITR~1.BAB\AppDa...}, fedcm:accounts: true, goog:chromeOptions: {debuggerAddress: localhost:49701}, javascriptEnabled: true, networkConnectionEnabled: false, pageLoadStrategy: normal, platform: WINDOWS, platformName: WINDOWS, proxy: Proxy(), setWindowRect: true, strictFileInteractability: false, timeouts: {implicit: 0, pageLoad: 300000, script: 30000}, unhandledPromptBehavior: dismiss and notify, webauthn:extension:credBlob: true, webauthn:extension:largeBlob: true, webauthn:extension:minPinLength: true, webauthn:extension:prf: true, webauthn:virtualAuthenticators: true}
Session ID: 15b88e443ff023bd2129287fbc276e60" type="org.openqa.selenium.ElementClickInterceptedException">
      <![CDATA[org.openqa.selenium.ElementClickInterceptedException: element click intercepted: Element <button class="action-submit" type="button" data-bind="attr: {'aria-label': $t('Search')}, click: apply.bind($data, false)" aria-label="Search">...</button> is not clickable at point (541, 278). Other element would receive the click: <div data-role="spinner" data-component="sales_order_grid.sales_order_grid.sales_order_columns" class="admin__data-grid-loading-mask" style="">...</div>
  (Session info: chrome=121.0.6167.185)
Build info: version: '3.141.59', revision: 'e82be7d358', time: '2018-11-14T08:17:03'
System info: host: 'IN-PF42S2RF', ip: '192.168.1.6', os.name: 'Windows 10', os.arch: 'amd64', os.version: '10.0', java.version: '11.0.2'
Driver info: org.openqa.selenium.chrome.ChromeDriver
Capabilities {acceptInsecureCerts: false, browserName: chrome, browserVersion: 121.0.6167.185, chrome: {chromedriverVersion: 121.0.6167.85 (3f98d690ad7e..., userDataDir: C:\Users\CHAITR~1.BAB\AppDa...}, fedcm:accounts: true, goog:chromeOptions: {debuggerAddress: localhost:49701}, javascriptEnabled: true, networkConnectionEnabled: false, pageLoadStrategy: normal, platform: WINDOWS, platformName: WINDOWS, proxy: Proxy(), setWindowRect: true, strictFileInteractability: false, timeouts: {implicit: 0, pageLoad: 300000, script: 30000}, unhandledPromptBehavior: dismiss and notify, webauthn:extension:credBlob: true, webauthn:extension:largeBlob: true, webauthn:extension:minPinLength: true, webauthn:extension:prf: true, webauthn:virtualAuthenticators: true}
Session ID: 15b88e443ff023bd2129287fbc276e60
	at java.base/jdk.internal.reflect.NativeConstructorAccessorImpl.newInstance0(Native Method)
	at java.base/jdk.internal.reflect.NativeConstructorAccessorImpl.newInstance(NativeConstructorAccessorImpl.java:62)
	at java.base/jdk.internal.reflect.DelegatingConstructorAccessorImpl.newInstance(DelegatingConstructorAccessorImpl.java:45)
	at java.base/java.lang.reflect.Constructor.newInstance(Constructor.java:490)
	at org.openqa.selenium.remote.http.W3CHttpResponseCodec.createException(W3CHttpResponseCodec.java:185)
	at org.openqa.selenium.remote.http.W3CHttpResponseCodec.decode(W3CHttpResponseCodec.java:120)
	at org.openqa.selenium.remote.http.W3CHttpResponseCodec.decode(W3CHttpResponseCodec.java:49)
	at org.openqa.selenium.remote.HttpCommandExecutor.execute(HttpCommandExecutor.java:164)
	at org.openqa.selenium.remote.service.DriverCommandExecutor.execute(DriverCommandExecutor.java:83)
	at org.openqa.selenium.remote.RemoteWebDriver.execute(RemoteWebDriver.java:586)
	at org.openqa.selenium.remote.RemoteWebElement.execute(RemoteWebElement.java:279)
	at org.openqa.selenium.remote.RemoteWebElement.click(RemoteWebElement.java:83)
	at src.in.valtech.uifunctions.GUIFunctions.clickElement(GUIFunctions.java:102)
	at src.in.valtech.cl.back.pages.BackOfficePage.SearchIconClick(BackOfficePage.java:366)
	at src.in.valtech.cl.back.pages.BackOfficePage.ClearTheFilterInBO(BackOfficePage.java:3269)
	at src.in.valtech.cl.scenarios.TC_Scenario_04.step81_VerifiedOrderStatusInOrdersPage(TC_Scenario_04.java:764)
	at java.base/jdk.internal.reflect.NativeMethodAccessorImpl.invoke0(Native Method)
	at java.base/jdk.internal.reflect.NativeMethodAccessorImpl.invoke(NativeMethodAccessorImpl.java:62)
	at java.base/jdk.internal.reflect.DelegatingMethodAccessorImpl.invoke(DelegatingMethodAccessorImpl.java:43)
	at java.base/java.lang.reflect.Method.invoke(Method.java:566)
	at org.testng.internal.MethodInvocationHelper.invokeMethod(MethodInvocationHelper.java:80)
	at org.testng.internal.Invoker.invokeMethod(Invoker.java:714)
	at org.testng.internal.Invoker.invokeTestMethod(Invoker.java:901)
	at org.testng.internal.Invoker.invokeTestMethods(Invoker.java:1231)
	at org.testng.internal.TestMethodWorker.invokeTestMethods(TestMethodWorker.java:127)
	at org.testng.internal.TestMethodWorker.run(TestMethodWorker.java:111)
	at org.testng.TestRunner.privateRun(TestRunner.java:767)
	at org.testng.TestRunner.run(TestRunner.java:617)
	at org.testng.SuiteRunner.runTest(SuiteRunner.java:334)
	at org.testng.SuiteRunner.access$000(SuiteRunner.java:37)
	at org.testng.SuiteRunner$SuiteWorker.run(SuiteRunner.java:368)
	at org.testng.internal.thread.ThreadUtil$2.call(ThreadUtil.java:64)
	at java.base/java.util.concurrent.FutureTask.run(FutureTask.java:264)
	at java.base/java.util.concurrent.ThreadPoolExecutor.runWorker(ThreadPoolExecutor.java:1128)
	at java.base/java.util.concurrent.ThreadPoolExecutor$Worker.run(ThreadPoolExecutor.java:628)
	at java.base/java.lang.Thread.run(Thread.java:834)
]]>
    </failure>
  </testcase> <!-- step81_VerifiedOrderStatusInOrdersPage -->
  <testcase classname="src.in.valtech.cl.scenarios.TC_Scenario_04" name="step165_ClickOnSalesIcon" time="10.270"/>
  <testcase classname="src.in.valtech.cl.scenarios.TC_Scenario_04" name="step86_ClickOnAcceptBtn" time="44.151"/>
  <testcase classname="src.in.valtech.cl.scenarios.TC_Scenario_04" name="step200_VerifyShippingConfirmationMailContents" time="5.761"/>
  <testcase classname="src.in.valtech.cl.scenarios.TC_Scenario_04" name="step18_ClickonAddToCartButton" time="7.518"/>
  <testcase classname="src.in.valtech.cl.scenarios.TC_Scenario_04" name="step4_ClickOnProductImg" time="14.333"/>
  <testcase classname="src.in.valtech.cl.scenarios.TC_Scenario_04" name="step56_VerifyShippingMethod" time="2.261"/>
  <testcase classname="src.in.valtech.cl.scenarios.TC_Scenario_04" name="step22_ClickOnProductImg" time="13.837"/>
  <testcase classname="src.in.valtech.cl.scenarios.TC_Scenario_04" name="step76_VerifyOrderdetailsInOrderspage" time="62.063">
    <failure type="java.lang.NullPointerException">
      <![CDATA[java.lang.NullPointerException
	at java.base/java.lang.String.contains(String.java:2036)
	at src.in.valtech.cl.scenarios.TC_Scenario_04.step76_VerifyOrderdetailsInOrderspage(TC_Scenario_04.java:710)
	at java.base/jdk.internal.reflect.NativeMethodAccessorImpl.invoke0(Native Method)
	at java.base/jdk.internal.reflect.NativeMethodAccessorImpl.invoke(NativeMethodAccessorImpl.java:62)
	at java.base/jdk.internal.reflect.DelegatingMethodAccessorImpl.invoke(DelegatingMethodAccessorImpl.java:43)
	at java.base/java.lang.reflect.Method.invoke(Method.java:566)
	at org.testng.internal.MethodInvocationHelper.invokeMethod(MethodInvocationHelper.java:80)
	at org.testng.internal.Invoker.invokeMethod(Invoker.java:714)
	at org.testng.internal.Invoker.invokeTestMethod(Invoker.java:901)
	at org.testng.internal.Invoker.invokeTestMethods(Invoker.java:1231)
	at org.testng.internal.TestMethodWorker.invokeTestMethods(TestMethodWorker.java:127)
	at org.testng.internal.TestMethodWorker.run(TestMethodWorker.java:111)
	at org.testng.TestRunner.privateRun(TestRunner.java:767)
	at org.testng.TestRunner.run(TestRunner.java:617)
	at org.testng.SuiteRunner.runTest(SuiteRunner.java:334)
	at org.testng.SuiteRunner.access$000(SuiteRunner.java:37)
	at org.testng.SuiteRunner$SuiteWorker.run(SuiteRunner.java:368)
	at org.testng.internal.thread.ThreadUtil$2.call(ThreadUtil.java:64)
	at java.base/java.util.concurrent.FutureTask.run(FutureTask.java:264)
	at java.base/java.util.concurrent.ThreadPoolExecutor.runWorker(ThreadPoolExecutor.java:1128)
	at java.base/java.util.concurrent.ThreadPoolExecutor$Worker.run(ThreadPoolExecutor.java:628)
	at java.base/java.lang.Thread.run(Thread.java:834)
]]>
    </failure>
  </testcase> <!-- step76_VerifyOrderdetailsInOrderspage -->
  <testcase classname="src.in.valtech.cl.scenarios.TC_Scenario_04" name="step5_VerifiedProductNameinPDP" time="2.621"/>
  <testcase classname="src.in.valtech.cl.scenarios.TC_Scenario_04" name="step101_VerifyConfirmPackingAndGoBackTOPackingBtn_PartialPacking" time="4.201"/>
  <testcase classname="src.in.valtech.cl.scenarios.TC_Scenario_04" name="step83_LoggedIntoAdyen" time="43.308"/>
  <testcase classname="src.in.valtech.cl.scenarios.TC_Scenario_04" name="step126_EnterValueInRequestedField" time="2.170"/>
  <testcase classname="src.in.valtech.cl.scenarios.TC_Scenario_04" name="step167_VerifiedOrderStatusInReturnsPage" time="38.443"/>
  <testcase classname="src.in.valtech.cl.scenarios.TC_Scenario_04" name="step157_ClickOnReturnItems" time="9.386"/>
  <testcase classname="src.in.valtech.cl.scenarios.TC_Scenario_04" name="step199_VerifyOrderConfirmationMailContents" time="5.826"/>
  <testcase classname="src.in.valtech.cl.scenarios.TC_Scenario_04" name="step51_VerifyGiftHeadertextAndDefaultGiftWrapSelected" time="0.240"/>
  <testcase classname="src.in.valtech.cl.scenarios.TC_Scenario_04" name="step29_ClickOnProductsFromDataLists" time="10.564"/>
  <testcase classname="src.in.valtech.cl.scenarios.TC_Scenario_04" name="step74_ClickMyAccountBtn" time="5.363"/>
  <testcase classname="src.in.valtech.cl.scenarios.TC_Scenario_04" name="step132_NavigatedIntoMangetoAndClickOnSalesIcon" time="10.186"/>
  <testcase classname="src.in.valtech.cl.scenarios.TC_Scenario_04" name="step84_ClickCaseMgmtOPtionINAdyen" time="174.326"/>
  <testcase classname="src.in.valtech.cl.scenarios.TC_Scenario_04" name="step155_VerifiedOrderStatusInReturnsPage" time="69.972"/>
  <testcase classname="src.in.valtech.cl.scenarios.TC_Scenario_04" name="step128_SelectOptionFromItemConditionDropdown" time="2.193"/>
  <testcase classname="src.in.valtech.cl.scenarios.TC_Scenario_04" name="step95_NaviagtedIntoMangetoAndVerifiedOrderStatusInOrdersPage" time="186.544"/>
  <testcase classname="src.in.valtech.cl.scenarios.TC_Scenario_04" name="step183_Click_ShippingMethod_LinkForRefundoffline" time="5.191"/>
  <testcase classname="src.in.valtech.cl.scenarios.TC_Scenario_04" name="step105_ClickOnHomePopupBtn" time="7.155"/>
  <testcase classname="src.in.valtech.cl.scenarios.TC_Scenario_04" name="step03_VerifiedCategoryPage" time="2.294"/>
  <testcase classname="src.in.valtech.cl.scenarios.TC_Scenario_04" name="step115_SwitchToFOTabAndClickOnMyAccountIcon" time="2.156"/>
  <testcase classname="src.in.valtech.cl.scenarios.TC_Scenario_04" name="step35_EnteredUsernameField" time="5.952"/>
  <testcase classname="src.in.valtech.cl.scenarios.TC_Scenario_04" name="step01_NavigatetoCLHomePage" time="40.682"/>
  <testcase classname="src.in.valtech.cl.scenarios.TC_Scenario_04" name="step66_EnteredPasswordField" time="2.260"/>
  <testcase classname="src.in.valtech.cl.scenarios.TC_Scenario_04" name="step163_ClickOrderstxtFromSalesIcon" time="13.026"/>
  <testcase classname="src.in.valtech.cl.scenarios.TC_Scenario_04" name="step73_VerifiedYourOrderID" time="2.143"/>
  <testcase classname="src.in.valtech.cl.scenarios.TC_Scenario_04" name="step12_ClickOnSizeGuideAndCloseOverlay" time="9.283"/>
  <testcase classname="src.in.valtech.cl.scenarios.TC_Scenario_04" name="step117_VerifiedOrderStatusInMyOrdersPage" time="0.137"/>
  <testcase classname="src.in.valtech.cl.scenarios.TC_Scenario_04" name="step60_ClickOnPaypalCardRadioBtn" time="7.208"/>
  <testcase classname="src.in.valtech.cl.scenarios.TC_Scenario_04" name="step201_VerifyReturnRequestConfirmationMailContents" time="5.754"/>
  <testcase classname="src.in.valtech.cl.scenarios.TC_Scenario_04" name="step97_NavigatedIntoWMSAndClickOnPackingBtn" time="9.241"/>
  <testcase classname="src.in.valtech.cl.scenarios.TC_Scenario_04" name="step37_ClickOnSignInButton" time="40.978"/>
  <testcase classname="src.in.valtech.cl.scenarios.TC_Scenario_04" name="step120_EnterContactEmailAdd_CreateReturns" time="4.560"/>
  <testcase classname="src.in.valtech.cl.scenarios.TC_Scenario_04" name="step191_SwitchToFOTabAndClickOnMyAccountIcon" time="2.139"/>
  <testcase classname="src.in.valtech.cl.scenarios.TC_Scenario_04" name="step114_ComparedSeleableStockInWMSAndBOBothAreSameAfterShippingTheOrder" time="131.404"/>
  <testcase classname="src.in.valtech.cl.scenarios.TC_Scenario_04" name="step133_ReturnstxtFromSalesIconClick" time="14.572"/>
  <testcase classname="src.in.valtech.cl.scenarios.TC_Scenario_04" name="step65_EnteredEmailField" time="7.768"/>
  <testcase classname="src.in.valtech.cl.scenarios.TC_Scenario_04" name="step184_Verify_ShippingMethods_RadioOptionForRefundofflineAndClickOnShippingMethod" time="19.918"/>
  <testcase classname="src.in.valtech.cl.scenarios.TC_Scenario_04" name="step151_ClickOrderstxtFromSalesIcon" time="12.479"/>
  <testcase classname="src.in.valtech.cl.scenarios.TC_Scenario_04" name="step137_EditExistShippingAddressWithNewShippingAddressForRMA" time="49.720"/>
  <testcase classname="src.in.valtech.cl.scenarios.TC_Scenario_04" name="step193_VerifiedOrderStatusInMyOrdersPage" time="20.053">
    <failure message="no such element: Unable to locate element: {&quot;method&quot;:&quot;xpath&quot;,&quot;selector&quot;:&quot;//*[contains(text(),&#039;dit Order #24000000030&#039;)]/..//p[contains(@class, &#039;status&#039;)]&quot;}
  (Session info: chrome=121.0.6167.185)
For documentation on this error, please visit: https://www.seleniumhq.org/exceptions/no_such_element.html
Build info: version: &#039;3.141.59&#039;, revision: &#039;e82be7d358&#039;, time: &#039;2018-11-14T08:17:03&#039;
System info: host: &#039;IN-PF42S2RF&#039;, ip: &#039;192.168.1.6&#039;, os.name: &#039;Windows 10&#039;, os.arch: &#039;amd64&#039;, os.version: &#039;10.0&#039;, java.version: &#039;11.0.2&#039;
Driver info: org.openqa.selenium.chrome.ChromeDriver
Capabilities {acceptInsecureCerts: false, browserName: chrome, browserVersion: 121.0.6167.185, chrome: {chromedriverVersion: 121.0.6167.85 (3f98d690ad7e..., userDataDir: C:\Users\CHAITR~1.BAB\AppDa...}, fedcm:accounts: true, goog:chromeOptions: {debuggerAddress: localhost:49701}, javascriptEnabled: true, networkConnectionEnabled: false, pageLoadStrategy: normal, platform: WINDOWS, platformName: WINDOWS, proxy: Proxy(), setWindowRect: true, strictFileInteractability: false, timeouts: {implicit: 0, pageLoad: 300000, script: 30000}, unhandledPromptBehavior: dismiss and notify, webauthn:extension:credBlob: true, webauthn:extension:largeBlob: true, webauthn:extension:minPinLength: true, webauthn:extension:prf: true, webauthn:virtualAuthenticators: true}
Session ID: 15b88e443ff023bd2129287fbc276e60
*** Element info: {Using=xpath, value=//*[contains(text(),&#039;dit Order #24000000030&#039;)]/..//p[contains(@class, &#039;status&#039;)]}" type="org.openqa.selenium.NoSuchElementException">
      <![CDATA[org.openqa.selenium.NoSuchElementException: no such element: Unable to locate element: {"method":"xpath","selector":"//*[contains(text(),'dit Order #24000000030')]/..//p[contains(@class, 'status')]"}
  (Session info: chrome=121.0.6167.185)
For documentation on this error, please visit: https://www.seleniumhq.org/exceptions/no_such_element.html
Build info: version: '3.141.59', revision: 'e82be7d358', time: '2018-11-14T08:17:03'
System info: host: 'IN-PF42S2RF', ip: '192.168.1.6', os.name: 'Windows 10', os.arch: 'amd64', os.version: '10.0', java.version: '11.0.2'
Driver info: org.openqa.selenium.chrome.ChromeDriver
Capabilities {acceptInsecureCerts: false, browserName: chrome, browserVersion: 121.0.6167.185, chrome: {chromedriverVersion: 121.0.6167.85 (3f98d690ad7e..., userDataDir: C:\Users\CHAITR~1.BAB\AppDa...}, fedcm:accounts: true, goog:chromeOptions: {debuggerAddress: localhost:49701}, javascriptEnabled: true, networkConnectionEnabled: false, pageLoadStrategy: normal, platform: WINDOWS, platformName: WINDOWS, proxy: Proxy(), setWindowRect: true, strictFileInteractability: false, timeouts: {implicit: 0, pageLoad: 300000, script: 30000}, unhandledPromptBehavior: dismiss and notify, webauthn:extension:credBlob: true, webauthn:extension:largeBlob: true, webauthn:extension:minPinLength: true, webauthn:extension:prf: true, webauthn:virtualAuthenticators: true}
Session ID: 15b88e443ff023bd2129287fbc276e60
*** Element info: {Using=xpath, value=//*[contains(text(),'dit Order #24000000030')]/..//p[contains(@class, 'status')]}
	at jdk.internal.reflect.GeneratedConstructorAccessor73.newInstance(Unknown Source)
	at java.base/jdk.internal.reflect.DelegatingConstructorAccessorImpl.newInstance(DelegatingConstructorAccessorImpl.java:45)
	at java.base/java.lang.reflect.Constructor.newInstance(Constructor.java:490)
	at org.openqa.selenium.remote.http.W3CHttpResponseCodec.createException(W3CHttpResponseCodec.java:185)
	at org.openqa.selenium.remote.http.W3CHttpResponseCodec.decode(W3CHttpResponseCodec.java:120)
	at org.openqa.selenium.remote.http.W3CHttpResponseCodec.decode(W3CHttpResponseCodec.java:49)
	at org.openqa.selenium.remote.HttpCommandExecutor.execute(HttpCommandExecutor.java:164)
	at org.openqa.selenium.remote.service.DriverCommandExecutor.execute(DriverCommandExecutor.java:83)
	at org.openqa.selenium.remote.RemoteWebDriver.execute(RemoteWebDriver.java:586)
	at org.openqa.selenium.remote.RemoteWebDriver.findElement(RemoteWebDriver.java:356)
	at org.openqa.selenium.remote.RemoteWebDriver.findElementByXPath(RemoteWebDriver.java:458)
	at org.openqa.selenium.By$ByXPath.findElement(By.java:353)
	at org.openqa.selenium.remote.RemoteWebDriver.findElement(RemoteWebDriver.java:348)
	at src.in.valtech.cl.front.pages.MyAccountPage.VerifyOrderStatus(MyAccountPage.java:260)
	at src.in.valtech.cl.scenarios.TC_Scenario_04.step193_VerifiedOrderStatusInMyOrdersPage(TC_Scenario_04.java:1831)
	at java.base/jdk.internal.reflect.NativeMethodAccessorImpl.invoke0(Native Method)
	at java.base/jdk.internal.reflect.NativeMethodAccessorImpl.invoke(NativeMethodAccessorImpl.java:62)
	at java.base/jdk.internal.reflect.DelegatingMethodAccessorImpl.invoke(DelegatingMethodAccessorImpl.java:43)
	at java.base/java.lang.reflect.Method.invoke(Method.java:566)
	at org.testng.internal.MethodInvocationHelper.invokeMethod(MethodInvocationHelper.java:80)
	at org.testng.internal.Invoker.invokeMethod(Invoker.java:714)
	at org.testng.internal.Invoker.invokeTestMethod(Invoker.java:901)
	at org.testng.internal.Invoker.invokeTestMethods(Invoker.java:1231)
	at org.testng.internal.TestMethodWorker.invokeTestMethods(TestMethodWorker.java:127)
	at org.testng.internal.TestMethodWorker.run(TestMethodWorker.java:111)
	at org.testng.TestRunner.privateRun(TestRunner.java:767)
	at org.testng.TestRunner.run(TestRunner.java:617)
	at org.testng.SuiteRunner.runTest(SuiteRunner.java:334)
	at org.testng.SuiteRunner.access$000(SuiteRunner.java:37)
	at org.testng.SuiteRunner$SuiteWorker.run(SuiteRunner.java:368)
	at org.testng.internal.thread.ThreadUtil$2.call(ThreadUtil.java:64)
	at java.base/java.util.concurrent.FutureTask.run(FutureTask.java:264)
	at java.base/java.util.concurrent.ThreadPoolExecutor.runWorker(ThreadPoolExecutor.java:1128)
	at java.base/java.util.concurrent.ThreadPoolExecutor$Worker.run(ThreadPoolExecutor.java:628)
	at java.base/java.lang.Thread.run(Thread.java:834)
]]>
    </failure>
  </testcase> <!-- step193_VerifiedOrderStatusInMyOrdersPage -->
  <testcase classname="src.in.valtech.cl.scenarios.TC_Scenario_04" name="step166_ReturnstxtFromSalesIconClick" time="14.910"/>
  <testcase classname="src.in.valtech.cl.scenarios.TC_Scenario_04" name="step7_VerifiedProductBrandNametxtInPDP" time="2.188"/>
  <testcase classname="src.in.valtech.cl.scenarios.TC_Scenario_04" name="step75_ClickAddressBookLink" time="13.076"/>
  <testcase classname="src.in.valtech.cl.scenarios.TC_Scenario_04" name="step147_EnterRMAID_SearchForOrderDetails_ClickOnReceptionButton" time="179.562"/>
  <testcase classname="src.in.valtech.cl.scenarios.TC_Scenario_04" name="step96_NaviagtedIntoFOAndVerifiedOrderStatusInMyOrdersPage" time="31.770"/>
  <testcase classname="src.in.valtech.cl.scenarios.TC_Scenario_04" name="step26_LoggedIntoWMS" time="25.365"/>
  <testcase classname="src.in.valtech.cl.scenarios.TC_Scenario_04" name="step10_VerifiedContactUslink" time="20.028">
    <error message="Contact Us link is not displaying in PDP expected [true] but found [false]" type="java.lang.AssertionError">
      <![CDATA[java.lang.AssertionError: Contact Us link is not displaying in PDP expected [true] but found [false]
	at org.testng.Assert.fail(Assert.java:94)
	at org.testng.Assert.failNotEquals(Assert.java:494)
	at org.testng.Assert.assertTrue(Assert.java:42)
	at src.in.valtech.cl.front.pages.ProductDetailsPage.VerifyContactUsLinkInPDP(ProductDetailsPage.java:560)
	at src.in.valtech.cl.scenarios.TC_Scenario_04.step10_VerifiedContactUslink(TC_Scenario_04.java:154)
	at java.base/jdk.internal.reflect.NativeMethodAccessorImpl.invoke0(Native Method)
	at java.base/jdk.internal.reflect.NativeMethodAccessorImpl.invoke(NativeMethodAccessorImpl.java:62)
	at java.base/jdk.internal.reflect.DelegatingMethodAccessorImpl.invoke(DelegatingMethodAccessorImpl.java:43)
	at java.base/java.lang.reflect.Method.invoke(Method.java:566)
	at org.testng.internal.MethodInvocationHelper.invokeMethod(MethodInvocationHelper.java:80)
	at org.testng.internal.Invoker.invokeMethod(Invoker.java:714)
	at org.testng.internal.Invoker.invokeTestMethod(Invoker.java:901)
	at org.testng.internal.Invoker.invokeTestMethods(Invoker.java:1231)
	at org.testng.internal.TestMethodWorker.invokeTestMethods(TestMethodWorker.java:127)
	at org.testng.internal.TestMethodWorker.run(TestMethodWorker.java:111)
	at org.testng.TestRunner.privateRun(TestRunner.java:767)
	at org.testng.TestRunner.run(TestRunner.java:617)
	at org.testng.SuiteRunner.runTest(SuiteRunner.java:334)
	at org.testng.SuiteRunner.access$000(SuiteRunner.java:37)
	at org.testng.SuiteRunner$SuiteWorker.run(SuiteRunner.java:368)
	at org.testng.internal.thread.ThreadUtil$2.call(ThreadUtil.java:64)
	at java.base/java.util.concurrent.FutureTask.run(FutureTask.java:264)
	at java.base/java.util.concurrent.ThreadPoolExecutor.runWorker(ThreadPoolExecutor.java:1128)
	at java.base/java.util.concurrent.ThreadPoolExecutor$Worker.run(ThreadPoolExecutor.java:628)
	at java.base/java.lang.Thread.run(Thread.java:834)
]]>
    </error>
  </testcase> <!-- step10_VerifiedContactUslink -->
  <testcase classname="src.in.valtech.cl.scenarios.TC_Scenario_04" name="step169_ClickOnRefundOrExchangeButton" time="9.165"/>
  <testcase classname="src.in.valtech.cl.scenarios.TC_Scenario_04" name="step143_VerifiedOrderStatusInOrdersPage" time="57.198"/>
  <testcase classname="src.in.valtech.cl.scenarios.TC_Scenario_04" name="step150_NavigatedIntoMangetoAndClickOnSalesIcon" time="12.405"/>
  <testcase classname="src.in.valtech.cl.scenarios.TC_Scenario_04" name="step50_ClickOnLoginInButton_ForLoginINCheckoutpage" time="12.309"/>
  <testcase classname="src.in.valtech.cl.scenarios.TC_Scenario_04" name="step92_VerifiedPickingOrderSuccessMsg" time="3.093"/>
  <testcase classname="src.in.valtech.cl.scenarios.TC_Scenario_04" name="step30_EnterSearchableSKUAndClickOnSubmitFilter" time="22.254"/>
  <testcase classname="src.in.valtech.cl.scenarios.TC_Scenario_04" name="step54_ClickonExistingAdressinShipping" time="0.278"/>
  <testcase classname="src.in.valtech.cl.scenarios.TC_Scenario_04" name="step113_VerifyOrderTotalAmtIN_adyen" time="0.078"/>
  <testcase classname="src.in.valtech.cl.scenarios.TC_Scenario_04" name="step11_VerifiedColorSwatches" time="2.136"/>
  <testcase classname="src.in.valtech.cl.scenarios.TC_Scenario_04" name="step49_EnterPassword_ForLoginINCheckoutpage" time="4.472"/>
  <testcase classname="src.in.valtech.cl.scenarios.TC_Scenario_04" name="step78_ClickOnSalesIcon" time="12.306"/>
  <testcase classname="src.in.valtech.cl.scenarios.TC_Scenario_04" name="step180_ClickOnAddToOrderBtn" time="17.518"/>
  <testcase classname="src.in.valtech.cl.scenarios.TC_Scenario_04" name="step64_ClickOnProceedButton" time="8.629"/>
  <testcase classname="src.in.valtech.cl.scenarios.TC_Scenario_04" name="step6_VerifiedProductPriceinPDP" time="3.077"/>
  <testcase classname="src.in.valtech.cl.scenarios.TC_Scenario_04" name="step52_EnterMsgInGiftMsgFld" time="0.017"/>
  <testcase classname="src.in.valtech.cl.scenarios.TC_Scenario_04" name="step144_NaviagtedIntoFOAndVerifiedOrderStatusInMyOrdersPage" time="76.205"/>
  <testcase classname="src.in.valtech.cl.scenarios.TC_Scenario_04" name="step148_ExecuteRMAProcessinWMS" time="26.762"/>
  <testcase classname="src.in.valtech.cl.scenarios.TC_Scenario_04" name="step47_ClickOnProceedToCheckOutCTA" time="24.454"/>
  <testcase classname="src.in.valtech.cl.scenarios.TC_Scenario_04" name="step46_VerifyDetails_MainCart" time="19.491"/>
  <testcase classname="src.in.valtech.cl.scenarios.TC_Scenario_04" name="step89_VerifySaleableStockDecBy1InWMSAferPlacingTheOrder" time="35.396"/>
  <testcase classname="src.in.valtech.cl.scenarios.TC_Scenario_04" name="step31_ClickOnDetailsButton" time="15.338"/>
  <testcase classname="src.in.valtech.cl.scenarios.TC_Scenario_04" name="step19_VerifiedPDPConfirmationMessagePopUPModal" time="7.237"/>
  <testcase classname="src.in.valtech.cl.scenarios.TC_Scenario_04" name="step85_ClickOrderIDCheckbox" time="20.129"/>
  <testcase classname="src.in.valtech.cl.scenarios.TC_Scenario_04" name="step9_ClickOnInStoreAvailabilityButtonAndCloseOverlay" time="0.019"/>
  <testcase classname="src.in.valtech.cl.scenarios.TC_Scenario_04" name="step43_ClickOnMinicartIcon" time="10.205"/>
  <testcase classname="src.in.valtech.cl.scenarios.TC_Scenario_04" name="step129_SelectOptionFromResolutionDropdown" time="2.222"/>
  <testcase classname="src.in.valtech.cl.scenarios.TC_Scenario_04" name="step71_VerifiedContinueShoppingButton" time="0.043"/>
  <testcase classname="src.in.valtech.cl.scenarios.TC_Scenario_04" name="step106_NavigatedIntoMangetoAndVerifiedOrderStatusInOrdersPage" time="71.582"/>
  <testcase classname="src.in.valtech.cl.scenarios.TC_Scenario_04" name="step27_ClickOnOKbutton" time="13.286"/>
  <testcase classname="src.in.valtech.cl.scenarios.TC_Scenario_04" name="step42_VerifyInitialSaleableStock" time="2.254"/>
  <testcase classname="src.in.valtech.cl.scenarios.TC_Scenario_04" name="step90_ComparedSeleableStockInWMSAndBOBothAreSame" time="92.136"/>
  <testcase classname="src.in.valtech.cl.scenarios.TC_Scenario_04" name="step139_VerifiedOrderStatusInReturnsPage" time="114.621"/>
  <testcase classname="src.in.valtech.cl.scenarios.TC_Scenario_04" name="step138_VerifySuccessMsgForRMAAddressUpdate" time="8.797"/>
  <testcase classname="src.in.valtech.cl.scenarios.TC_Scenario_04" name="step57_ClickOnShippingmethod" time="12.374"/>
  <testcase classname="src.in.valtech.cl.scenarios.TC_Scenario_04" name="step41_SearchForProductSeleableStockInBO" time="38.406"/>
  <testcase classname="src.in.valtech.cl.scenarios.TC_Scenario_04" name="step48_EnterUsername_ForLoginINCheckoutpage" time="4.321"/>
  <testcase classname="src.in.valtech.cl.scenarios.TC_Scenario_04" name="step176_NaviagtedIntoFOAndVerifiedOrderStatusInMyOrdersPage" time="26.008"/>
  <testcase classname="src.in.valtech.cl.scenarios.TC_Scenario_04" name="step94_NavigatedIntoWMSAndGetBarcodeFromPickingProcess" time="14.900"/>
  <testcase classname="src.in.valtech.cl.scenarios.TC_Scenario_04" name="step161_VerifySuccessMsgForSavedRMARequest" time="0.079"/>
  <testcase classname="src.in.valtech.cl.scenarios.TC_Scenario_04" name="step63_CheckedOnPrivacyPolicyAndReturnPolicyCheckbox" time="12.526"/>
  <testcase classname="src.in.valtech.cl.scenarios.TC_Scenario_04" name="step62_UncheckedMyBAandSABothSameCheckbox" time="0.002"/>
  <testcase classname="src.in.valtech.cl.scenarios.TC_Scenario_04" name="step189_VerifyCreatedOrderInRMAOfflineWithNewVal" time="2.168"/>
  <testcase classname="src.in.valtech.cl.scenarios.TC_Scenario_04" name="step67_ClickOnSignInButton" time="12.596"/>
  <testcase classname="src.in.valtech.cl.scenarios.TC_Scenario_04" name="step175_VerifyOrderTotalAmtIN_adyen" time="20.036">
    <failure message="no such element: Unable to locate element: {&quot;method&quot;:&quot;xpath&quot;,&quot;selector&quot;:&quot;//td[contains(text(),&#039;24000000029&#039;)]//following-sibling::td[3]&quot;}
  (Session info: chrome=121.0.6167.185)
For documentation on this error, please visit: https://www.seleniumhq.org/exceptions/no_such_element.html
Build info: version: &#039;3.141.59&#039;, revision: &#039;e82be7d358&#039;, time: &#039;2018-11-14T08:17:03&#039;
System info: host: &#039;IN-PF42S2RF&#039;, ip: &#039;192.168.1.6&#039;, os.name: &#039;Windows 10&#039;, os.arch: &#039;amd64&#039;, os.version: &#039;10.0&#039;, java.version: &#039;11.0.2&#039;
Driver info: org.openqa.selenium.chrome.ChromeDriver
Capabilities {acceptInsecureCerts: false, browserName: chrome, browserVersion: 121.0.6167.185, chrome: {chromedriverVersion: 121.0.6167.85 (3f98d690ad7e..., userDataDir: C:\Users\CHAITR~1.BAB\AppDa...}, fedcm:accounts: true, goog:chromeOptions: {debuggerAddress: localhost:49701}, javascriptEnabled: true, networkConnectionEnabled: false, pageLoadStrategy: normal, platform: WINDOWS, platformName: WINDOWS, proxy: Proxy(), setWindowRect: true, strictFileInteractability: false, timeouts: {implicit: 0, pageLoad: 300000, script: 30000}, unhandledPromptBehavior: dismiss and notify, webauthn:extension:credBlob: true, webauthn:extension:largeBlob: true, webauthn:extension:minPinLength: true, webauthn:extension:prf: true, webauthn:virtualAuthenticators: true}
Session ID: 15b88e443ff023bd2129287fbc276e60
*** Element info: {Using=xpath, value=//td[contains(text(),&#039;24000000029&#039;)]//following-sibling::td[3]}" type="org.openqa.selenium.NoSuchElementException">
      <![CDATA[org.openqa.selenium.NoSuchElementException: no such element: Unable to locate element: {"method":"xpath","selector":"//td[contains(text(),'24000000029')]//following-sibling::td[3]"}
  (Session info: chrome=121.0.6167.185)
For documentation on this error, please visit: https://www.seleniumhq.org/exceptions/no_such_element.html
Build info: version: '3.141.59', revision: 'e82be7d358', time: '2018-11-14T08:17:03'
System info: host: 'IN-PF42S2RF', ip: '192.168.1.6', os.name: 'Windows 10', os.arch: 'amd64', os.version: '10.0', java.version: '11.0.2'
Driver info: org.openqa.selenium.chrome.ChromeDriver
Capabilities {acceptInsecureCerts: false, browserName: chrome, browserVersion: 121.0.6167.185, chrome: {chromedriverVersion: 121.0.6167.85 (3f98d690ad7e..., userDataDir: C:\Users\CHAITR~1.BAB\AppDa...}, fedcm:accounts: true, goog:chromeOptions: {debuggerAddress: localhost:49701}, javascriptEnabled: true, networkConnectionEnabled: false, pageLoadStrategy: normal, platform: WINDOWS, platformName: WINDOWS, proxy: Proxy(), setWindowRect: true, strictFileInteractability: false, timeouts: {implicit: 0, pageLoad: 300000, script: 30000}, unhandledPromptBehavior: dismiss and notify, webauthn:extension:credBlob: true, webauthn:extension:largeBlob: true, webauthn:extension:minPinLength: true, webauthn:extension:prf: true, webauthn:virtualAuthenticators: true}
Session ID: 15b88e443ff023bd2129287fbc276e60
*** Element info: {Using=xpath, value=//td[contains(text(),'24000000029')]//following-sibling::td[3]}
	at jdk.internal.reflect.GeneratedConstructorAccessor73.newInstance(Unknown Source)
	at java.base/jdk.internal.reflect.DelegatingConstructorAccessorImpl.newInstance(DelegatingConstructorAccessorImpl.java:45)
	at java.base/java.lang.reflect.Constructor.newInstance(Constructor.java:490)
	at org.openqa.selenium.remote.http.W3CHttpResponseCodec.createException(W3CHttpResponseCodec.java:185)
	at org.openqa.selenium.remote.http.W3CHttpResponseCodec.decode(W3CHttpResponseCodec.java:120)
	at org.openqa.selenium.remote.http.W3CHttpResponseCodec.decode(W3CHttpResponseCodec.java:49)
	at org.openqa.selenium.remote.HttpCommandExecutor.execute(HttpCommandExecutor.java:164)
	at org.openqa.selenium.remote.service.DriverCommandExecutor.execute(DriverCommandExecutor.java:83)
	at org.openqa.selenium.remote.RemoteWebDriver.execute(RemoteWebDriver.java:586)
	at org.openqa.selenium.remote.RemoteWebDriver.findElement(RemoteWebDriver.java:356)
	at org.openqa.selenium.remote.RemoteWebDriver.findElementByXPath(RemoteWebDriver.java:458)
	at org.openqa.selenium.By$ByXPath.findElement(By.java:353)
	at org.openqa.selenium.remote.RemoteWebDriver.findElement(RemoteWebDriver.java:348)
	at src.in.valtech.cl.back.pages.AdyenPage.Verify_AdyenOrderAmount(AdyenPage.java:279)
	at src.in.valtech.cl.scenarios.TC_Scenario_04.step175_VerifyOrderTotalAmtIN_adyen(TC_Scenario_04.java:1693)
	at java.base/jdk.internal.reflect.NativeMethodAccessorImpl.invoke0(Native Method)
	at java.base/jdk.internal.reflect.NativeMethodAccessorImpl.invoke(NativeMethodAccessorImpl.java:62)
	at java.base/jdk.internal.reflect.DelegatingMethodAccessorImpl.invoke(DelegatingMethodAccessorImpl.java:43)
	at java.base/java.lang.reflect.Method.invoke(Method.java:566)
	at org.testng.internal.MethodInvocationHelper.invokeMethod(MethodInvocationHelper.java:80)
	at org.testng.internal.Invoker.invokeMethod(Invoker.java:714)
	at org.testng.internal.Invoker.invokeTestMethod(Invoker.java:901)
	at org.testng.internal.Invoker.invokeTestMethods(Invoker.java:1231)
	at org.testng.internal.TestMethodWorker.invokeTestMethods(TestMethodWorker.java:127)
	at org.testng.internal.TestMethodWorker.run(TestMethodWorker.java:111)
	at org.testng.TestRunner.privateRun(TestRunner.java:767)
	at org.testng.TestRunner.run(TestRunner.java:617)
	at org.testng.SuiteRunner.runTest(SuiteRunner.java:334)
	at org.testng.SuiteRunner.access$000(SuiteRunner.java:37)
	at org.testng.SuiteRunner$SuiteWorker.run(SuiteRunner.java:368)
	at org.testng.internal.thread.ThreadUtil$2.call(ThreadUtil.java:64)
	at java.base/java.util.concurrent.FutureTask.run(FutureTask.java:264)
	at java.base/java.util.concurrent.ThreadPoolExecutor.runWorker(ThreadPoolExecutor.java:1128)
	at java.base/java.util.concurrent.ThreadPoolExecutor$Worker.run(ThreadPoolExecutor.java:628)
	at java.base/java.lang.Thread.run(Thread.java:834)
]]>
    </failure>
  </testcase> <!-- step175_VerifyOrderTotalAmtIN_adyen -->
  <testcase classname="src.in.valtech.cl.scenarios.TC_Scenario_04" name="step45_ClickOnCompletecartLnk_MainCart" time="35.030"/>
  <testcase classname="src.in.valtech.cl.scenarios.TC_Scenario_04" name="step130_ClickOnSubmitReturnsButton" time="10.999"/>
  <testcase classname="src.in.valtech.cl.scenarios.TC_Scenario_04" name="step61_VerifiedMyBAandSABothSame_CheckboxIsAutoSelected" time="0.002"/>
  <testcase classname="src.in.valtech.cl.scenarios.TC_Scenario_04" name="step172_VerifySuccessMsgForCreateCreditMemo" time="0.073"/>
  <testcase classname="src.in.valtech.cl.scenarios.TC_Scenario_04" name="step13_ClickOnSelectYourSizeButtonAndSelectAnySize" time="18.598"/>
  <testcase classname="src.in.valtech.cl.scenarios.TC_Scenario_04" name="step58_ClickOnContinuetopaymentbtn" time="9.009"/>
  <testcase classname="src.in.valtech.cl.scenarios.TC_Scenario_04" name="step104_ClickOnValidateBtn" time="15.272"/>
  <testcase classname="src.in.valtech.cl.scenarios.TC_Scenario_04" name="step203_VerifyCreditMemoConfirmationMailContents" time="5.838"/>
  <testcase classname="src.in.valtech.cl.scenarios.TC_Scenario_04" name="step168_ClickonViewOptioninOrderGrid" time="9.313"/>
  <testcase classname="src.in.valtech.cl.scenarios.TC_Scenario_04" name="step121_SelectPickupDate" time="9.350"/>
  <testcase classname="src.in.valtech.cl.scenarios.TC_Scenario_04" name="step99_CopySKUIDAndEnterinSearchFeildForScanningProductsInPacking" time="6.436"/>
  <testcase classname="src.in.valtech.cl.scenarios.TC_Scenario_04" name="step188_VerifySuccessMsgForCreatedOrderForRMAOfflineRequest" time="0.089"/>
  <testcase classname="src.in.valtech.cl.scenarios.TC_Scenario_04" name="step170_VerifyOrderReturnDetailsInNewMemoPage" time="4.601"/>
  <testcase classname="src.in.valtech.cl.scenarios.TC_Scenario_04" name="step24_ClosePDPConfirmationMessagePopUPModal" time="5.174"/>
  <testcase classname="src.in.valtech.cl.scenarios.TC_Scenario_04" name="step55_VerifyDefaultValuesinShipping" time="0.123"/>
  <testcase classname="src.in.valtech.cl.scenarios.TC_Scenario_04" name="step15_ClickonProductCareAndVerifiedContent" time="5.614"/>
  <testcase classname="src.in.valtech.cl.scenarios.TC_Scenario_04" name="step141_ClickOnSalesIcon" time="10.223"/>
  <testcase classname="src.in.valtech.cl.scenarios.TC_Scenario_04" name="step44_VerifiedAllDetailsInsideMiniCart" time="31.296"/>
  <testcase classname="src.in.valtech.cl.scenarios.TC_Scenario_04" name="step21_MouseoverOnL1Category" time="16.825"/>
  <testcase classname="src.in.valtech.cl.scenarios.TC_Scenario_04" name="step118_ClickOnOrderGridAndVerifiedOrderDetailsPage" time="74.125"/>
  <testcase classname="src.in.valtech.cl.scenarios.TC_Scenario_04" name="step53_ClickUpdateBtn" time="5.285"/>
  <testcase classname="src.in.valtech.cl.scenarios.TC_Scenario_04" name="step196_VerifyOrderTotalAmtIN_adyen" time="20.081">
    <failure message="no such element: Unable to locate element: {&quot;method&quot;:&quot;xpath&quot;,&quot;selector&quot;:&quot;//td[contains(text(),&#039;24000000029&#039;)]//following-sibling::td[3]&quot;}
  (Session info: chrome=121.0.6167.185)
For documentation on this error, please visit: https://www.seleniumhq.org/exceptions/no_such_element.html
Build info: version: &#039;3.141.59&#039;, revision: &#039;e82be7d358&#039;, time: &#039;2018-11-14T08:17:03&#039;
System info: host: &#039;IN-PF42S2RF&#039;, ip: &#039;192.168.1.6&#039;, os.name: &#039;Windows 10&#039;, os.arch: &#039;amd64&#039;, os.version: &#039;10.0&#039;, java.version: &#039;11.0.2&#039;
Driver info: org.openqa.selenium.chrome.ChromeDriver
Capabilities {acceptInsecureCerts: false, browserName: chrome, browserVersion: 121.0.6167.185, chrome: {chromedriverVersion: 121.0.6167.85 (3f98d690ad7e..., userDataDir: C:\Users\CHAITR~1.BAB\AppDa...}, fedcm:accounts: true, goog:chromeOptions: {debuggerAddress: localhost:49701}, javascriptEnabled: true, networkConnectionEnabled: false, pageLoadStrategy: normal, platform: WINDOWS, platformName: WINDOWS, proxy: Proxy(), setWindowRect: true, strictFileInteractability: false, timeouts: {implicit: 0, pageLoad: 300000, script: 30000}, unhandledPromptBehavior: dismiss and notify, webauthn:extension:credBlob: true, webauthn:extension:largeBlob: true, webauthn:extension:minPinLength: true, webauthn:extension:prf: true, webauthn:virtualAuthenticators: true}
Session ID: 15b88e443ff023bd2129287fbc276e60
*** Element info: {Using=xpath, value=//td[contains(text(),&#039;24000000029&#039;)]//following-sibling::td[3]}" type="org.openqa.selenium.NoSuchElementException">
      <![CDATA[org.openqa.selenium.NoSuchElementException: no such element: Unable to locate element: {"method":"xpath","selector":"//td[contains(text(),'24000000029')]//following-sibling::td[3]"}
  (Session info: chrome=121.0.6167.185)
For documentation on this error, please visit: https://www.seleniumhq.org/exceptions/no_such_element.html
Build info: version: '3.141.59', revision: 'e82be7d358', time: '2018-11-14T08:17:03'
System info: host: 'IN-PF42S2RF', ip: '192.168.1.6', os.name: 'Windows 10', os.arch: 'amd64', os.version: '10.0', java.version: '11.0.2'
Driver info: org.openqa.selenium.chrome.ChromeDriver
Capabilities {acceptInsecureCerts: false, browserName: chrome, browserVersion: 121.0.6167.185, chrome: {chromedriverVersion: 121.0.6167.85 (3f98d690ad7e..., userDataDir: C:\Users\CHAITR~1.BAB\AppDa...}, fedcm:accounts: true, goog:chromeOptions: {debuggerAddress: localhost:49701}, javascriptEnabled: true, networkConnectionEnabled: false, pageLoadStrategy: normal, platform: WINDOWS, platformName: WINDOWS, proxy: Proxy(), setWindowRect: true, strictFileInteractability: false, timeouts: {implicit: 0, pageLoad: 300000, script: 30000}, unhandledPromptBehavior: dismiss and notify, webauthn:extension:credBlob: true, webauthn:extension:largeBlob: true, webauthn:extension:minPinLength: true, webauthn:extension:prf: true, webauthn:virtualAuthenticators: true}
Session ID: 15b88e443ff023bd2129287fbc276e60
*** Element info: {Using=xpath, value=//td[contains(text(),'24000000029')]//following-sibling::td[3]}
	at jdk.internal.reflect.GeneratedConstructorAccessor73.newInstance(Unknown Source)
	at java.base/jdk.internal.reflect.DelegatingConstructorAccessorImpl.newInstance(DelegatingConstructorAccessorImpl.java:45)
	at java.base/java.lang.reflect.Constructor.newInstance(Constructor.java:490)
	at org.openqa.selenium.remote.http.W3CHttpResponseCodec.createException(W3CHttpResponseCodec.java:185)
	at org.openqa.selenium.remote.http.W3CHttpResponseCodec.decode(W3CHttpResponseCodec.java:120)
	at org.openqa.selenium.remote.http.W3CHttpResponseCodec.decode(W3CHttpResponseCodec.java:49)
	at org.openqa.selenium.remote.HttpCommandExecutor.execute(HttpCommandExecutor.java:164)
	at org.openqa.selenium.remote.service.DriverCommandExecutor.execute(DriverCommandExecutor.java:83)
	at org.openqa.selenium.remote.RemoteWebDriver.execute(RemoteWebDriver.java:586)
	at org.openqa.selenium.remote.RemoteWebDriver.findElement(RemoteWebDriver.java:356)
	at org.openqa.selenium.remote.RemoteWebDriver.findElementByXPath(RemoteWebDriver.java:458)
	at org.openqa.selenium.By$ByXPath.findElement(By.java:353)
	at org.openqa.selenium.remote.RemoteWebDriver.findElement(RemoteWebDriver.java:348)
	at src.in.valtech.cl.back.pages.AdyenPage.Verify_AdyenOrderAmount(AdyenPage.java:279)
	at src.in.valtech.cl.scenarios.TC_Scenario_04.step196_VerifyOrderTotalAmtIN_adyen(TC_Scenario_04.java:1858)
	at java.base/jdk.internal.reflect.NativeMethodAccessorImpl.invoke0(Native Method)
	at java.base/jdk.internal.reflect.NativeMethodAccessorImpl.invoke(NativeMethodAccessorImpl.java:62)
	at java.base/jdk.internal.reflect.DelegatingMethodAccessorImpl.invoke(DelegatingMethodAccessorImpl.java:43)
	at java.base/java.lang.reflect.Method.invoke(Method.java:566)
	at org.testng.internal.MethodInvocationHelper.invokeMethod(MethodInvocationHelper.java:80)
	at org.testng.internal.Invoker.invokeMethod(Invoker.java:714)
	at org.testng.internal.Invoker.invokeTestMethod(Invoker.java:901)
	at org.testng.internal.Invoker.invokeTestMethods(Invoker.java:1231)
	at org.testng.internal.TestMethodWorker.invokeTestMethods(TestMethodWorker.java:127)
	at org.testng.internal.TestMethodWorker.run(TestMethodWorker.java:111)
	at org.testng.TestRunner.privateRun(TestRunner.java:767)
	at org.testng.TestRunner.run(TestRunner.java:617)
	at org.testng.SuiteRunner.runTest(SuiteRunner.java:334)
	at org.testng.SuiteRunner.access$000(SuiteRunner.java:37)
	at org.testng.SuiteRunner$SuiteWorker.run(SuiteRunner.java:368)
	at org.testng.internal.thread.ThreadUtil$2.call(ThreadUtil.java:64)
	at java.base/java.util.concurrent.FutureTask.run(FutureTask.java:264)
	at java.base/java.util.concurrent.ThreadPoolExecutor.runWorker(ThreadPoolExecutor.java:1128)
	at java.base/java.util.concurrent.ThreadPoolExecutor$Worker.run(ThreadPoolExecutor.java:628)
	at java.base/java.lang.Thread.run(Thread.java:834)
]]>
    </failure>
  </testcase> <!-- step196_VerifyOrderTotalAmtIN_adyen -->
  <testcase classname="src.in.valtech.cl.scenarios.TC_Scenario_04" name="step142_ClickOrderstxtFromSalesIcon" time="12.480"/>
  <testcase classname="src.in.valtech.cl.scenarios.TC_Scenario_04" name="step171_ClickOnRefundOfflineButtonInNewMemoPage" time="14.488"/>
  <testcase classname="src.in.valtech.cl.scenarios.TC_Scenario_04" name="step146_ClickOnRMALink" time="14.407"/>
  <testcase classname="src.in.valtech.cl.scenarios.TC_Scenario_04" name="step108_NavigatedIntoWMSAndProcessedwithShippingProcess" time="69.030"/>
  <testcase classname="src.in.valtech.cl.scenarios.TC_Scenario_04" name="step136_Verify_OrderDetailsAfterCreatingRMAFromBO" time="10.552"/>
  <testcase classname="src.in.valtech.cl.scenarios.TC_Scenario_04" name="step159_SelectApprovedOptionFromStatusDropdown" time="2.237"/>
  <testcase classname="src.in.valtech.cl.scenarios.TC_Scenario_04" name="step88_VerifiedSaleableStockQntyDecBy1InBOAferPlacingTheOrder" time="80.430"/>
  <testcase classname="src.in.valtech.cl.scenarios.TC_Scenario_04" name="step192_ClickOnMyOrdersLink" time="12.301"/>
  <testcase classname="src.in.valtech.cl.scenarios.TC_Scenario_04" name="step68_SelectBankOfVisaCard" time="0.018"/>
  <testcase classname="src.in.valtech.cl.scenarios.TC_Scenario_04" name="step153_ClickOnSalesIcon" time="10.202"/>
  <testcase classname="src.in.valtech.cl.scenarios.TC_Scenario_04" name="step162_ClickOnSalesIcon" time="10.214"/>
  <testcase classname="src.in.valtech.cl.scenarios.TC_Scenario_04" name="step131_VerifySuccessMsgForRMARequest" time="0.061"/>
  <testcase classname="src.in.valtech.cl.scenarios.TC_Scenario_04" name="step187_Click_OKFromAlertPopupForRefundoffline" time="10.176"/>
  <testcase classname="src.in.valtech.cl.scenarios.TC_Scenario_04" name="step82_OpenNewTabAndNavigatedtoAdyen" time="6.129"/>
  <testcase classname="src.in.valtech.cl.scenarios.TC_Scenario_04" name="step40_ClickProductstxtFromCatalogIcon" time="27.853"/>
  <testcase classname="src.in.valtech.cl.scenarios.TC_Scenario_04" name="step185_Verify_OrderTotals_ForRefundoffline" time="6.295"/>
  <testcase classname="src.in.valtech.cl.scenarios.TC_Scenario_04" name="step160_ClickOnSaveButton" time="11.075"/>
  <testcase classname="src.in.valtech.cl.scenarios.TC_Scenario_04" name="step158_EnterValueInApprovedField" time="2.335"/>
  <testcase classname="src.in.valtech.cl.scenarios.TC_Scenario_04" name="step181_Verify_AddressDetails_BOInRMA" time="0.791"/>
  <testcase classname="src.in.valtech.cl.scenarios.TC_Scenario_04" name="step127_SelectAnyOptionFromReturnReasonDropdown" time="2.238"/>
  <testcase classname="src.in.valtech.cl.scenarios.TC_Scenario_04" name="step93_VerifiedGiftMsg_INPicking" time="0.000"/>
  <testcase classname="src.in.valtech.cl.scenarios.TC_Scenario_04" name="step125_ClickOnAddSelProdToReturnsBtn" time="15.162"/>
  <testcase classname="src.in.valtech.cl.scenarios.TC_Scenario_04" name="step197_VerifyOrderRMAStatusIN_adyen" time="66.246">
    <failure message="Expected condition failed: waiting for presence of element located by: By.xpath: //td[contains(text(),&#039;24000000029&#039;)]//following-sibling::td[5] (tried for 50 second(s) with 500 milliseconds interval)" type="org.openqa.selenium.TimeoutException">
      <![CDATA[org.openqa.selenium.TimeoutException: Expected condition failed: waiting for presence of element located by: By.xpath: //td[contains(text(),'24000000029')]//following-sibling::td[5] (tried for 50 second(s) with 500 milliseconds interval)
	at org.openqa.selenium.support.ui.WebDriverWait.timeoutException(WebDriverWait.java:95)
	at org.openqa.selenium.support.ui.FluentWait.until(FluentWait.java:272)
	at src.in.valtech.custom.CustomFun.waitObjectToLoad(CustomFun.java:308)
	at src.in.valtech.cl.back.pages.AdyenPage.Verify_AdyenOrderIDStatus(AdyenPage.java:297)
	at src.in.valtech.cl.scenarios.TC_Scenario_04.step197_VerifyOrderRMAStatusIN_adyen(TC_Scenario_04.java:1865)
	at java.base/jdk.internal.reflect.NativeMethodAccessorImpl.invoke0(Native Method)
	at java.base/jdk.internal.reflect.NativeMethodAccessorImpl.invoke(NativeMethodAccessorImpl.java:62)
	at java.base/jdk.internal.reflect.DelegatingMethodAccessorImpl.invoke(DelegatingMethodAccessorImpl.java:43)
	at java.base/java.lang.reflect.Method.invoke(Method.java:566)
	at org.testng.internal.MethodInvocationHelper.invokeMethod(MethodInvocationHelper.java:80)
	at org.testng.internal.Invoker.invokeMethod(Invoker.java:714)
	at org.testng.internal.Invoker.invokeTestMethod(Invoker.java:901)
	at org.testng.internal.Invoker.invokeTestMethods(Invoker.java:1231)
	at org.testng.internal.TestMethodWorker.invokeTestMethods(TestMethodWorker.java:127)
	at org.testng.internal.TestMethodWorker.run(TestMethodWorker.java:111)
	at org.testng.TestRunner.privateRun(TestRunner.java:767)
	at org.testng.TestRunner.run(TestRunner.java:617)
	at org.testng.SuiteRunner.runTest(SuiteRunner.java:334)
	at org.testng.SuiteRunner.access$000(SuiteRunner.java:37)
	at org.testng.SuiteRunner$SuiteWorker.run(SuiteRunner.java:368)
	at org.testng.internal.thread.ThreadUtil$2.call(ThreadUtil.java:64)
	at java.base/java.util.concurrent.FutureTask.run(FutureTask.java:264)
	at java.base/java.util.concurrent.ThreadPoolExecutor.runWorker(ThreadPoolExecutor.java:1128)
	at java.base/java.util.concurrent.ThreadPoolExecutor$Worker.run(ThreadPoolExecutor.java:628)
	at java.base/java.lang.Thread.run(Thread.java:834)
Caused by: org.openqa.selenium.NoSuchElementException: no such element: Unable to locate element: {"method":"xpath","selector":"//td[contains(text(),'24000000029')]//following-sibling::td[5]"}
  (Session info: chrome=121.0.6167.185)
For documentation on this error, please visit: https://www.seleniumhq.org/exceptions/no_such_element.html
Build info: version: '3.141.59', revision: 'e82be7d358', time: '2018-11-14T08:17:03'
System info: host: 'IN-PF42S2RF', ip: '192.168.1.6', os.name: 'Windows 10', os.arch: 'amd64', os.version: '10.0', java.version: '11.0.2'
Driver info: org.openqa.selenium.chrome.ChromeDriver
Capabilities {acceptInsecureCerts: false, browserName: chrome, browserVersion: 121.0.6167.185, chrome: {chromedriverVersion: 121.0.6167.85 (3f98d690ad7e..., userDataDir: C:\Users\CHAITR~1.BAB\AppDa...}, fedcm:accounts: true, goog:chromeOptions: {debuggerAddress: localhost:49701}, javascriptEnabled: true, networkConnectionEnabled: false, pageLoadStrategy: normal, platform: WINDOWS, platformName: WINDOWS, proxy: Proxy(), setWindowRect: true, strictFileInteractability: false, timeouts: {implicit: 0, pageLoad: 300000, script: 30000}, unhandledPromptBehavior: dismiss and notify, webauthn:extension:credBlob: true, webauthn:extension:largeBlob: true, webauthn:extension:minPinLength: true, webauthn:extension:prf: true, webauthn:virtualAuthenticators: true}
Session ID: 15b88e443ff023bd2129287fbc276e60
*** Element info: {Using=xpath, value=//td[contains(text(),'24000000029')]//following-sibling::td[5]}
	at jdk.internal.reflect.GeneratedConstructorAccessor73.newInstance(Unknown Source)
	at java.base/jdk.internal.reflect.DelegatingConstructorAccessorImpl.newInstance(DelegatingConstructorAccessorImpl.java:45)
	at java.base/java.lang.reflect.Constructor.newInstance(Constructor.java:490)
	at org.openqa.selenium.remote.http.W3CHttpResponseCodec.createException(W3CHttpResponseCodec.java:185)
	at org.openqa.selenium.remote.http.W3CHttpResponseCodec.decode(W3CHttpResponseCodec.java:120)
	at org.openqa.selenium.remote.http.W3CHttpResponseCodec.decode(W3CHttpResponseCodec.java:49)
	at org.openqa.selenium.remote.HttpCommandExecutor.execute(HttpCommandExecutor.java:164)
	at org.openqa.selenium.remote.service.DriverCommandExecutor.execute(DriverCommandExecutor.java:83)
	at org.openqa.selenium.remote.RemoteWebDriver.execute(RemoteWebDriver.java:586)
	at org.openqa.selenium.remote.RemoteWebDriver.findElement(RemoteWebDriver.java:356)
	at org.openqa.selenium.remote.RemoteWebDriver.findElementByXPath(RemoteWebDriver.java:458)
	at org.openqa.selenium.By$ByXPath.findElement(By.java:353)
	at org.openqa.selenium.remote.RemoteWebDriver.findElement(RemoteWebDriver.java:348)
	at org.openqa.selenium.support.ui.ExpectedConditions$6.apply(ExpectedConditions.java:182)
	at org.openqa.selenium.support.ui.ExpectedConditions$6.apply(ExpectedConditions.java:179)
	at org.openqa.selenium.support.ui.FluentWait.until(FluentWait.java:249)
	... 23 more
]]>
    </failure>
  </testcase> <!-- step197_VerifyOrderRMAStatusIN_adyen -->
  <testcase classname="src.in.valtech.cl.scenarios.TC_Scenario_04" name="step134_ClickONFiltersAndEnterOrderID" time="39.793"/>
  <testcase classname="src.in.valtech.cl.scenarios.TC_Scenario_04" name="step204_VerifyOrderConfirmationMailContentsForExchangeOrder" time="5.769"/>
  <testcase classname="src.in.valtech.cl.scenarios.TC_Scenario_04" name="step25_OpenNewTabAndNavigatedtoWMS" time="5.692"/>
  <testcase classname="src.in.valtech.cl.scenarios.TC_Scenario_04" name="step107_NaviagtedIntoFOAndVerifiedOrderStatusInMyOrdersPage" time="17.156"/>
  <testcase classname="src.in.valtech.cl.scenarios.TC_Scenario_04" name="step177_NavigatedIntoMangetoAndClickAddPctsBySKU" time="12.263"/>
  <testcase classname="src.in.valtech.cl.scenarios.TC_Scenario_04" name="step02_MouseoverOnL1CategoryAndClickL2KateCategory" time="65.261"/>
  <testcase classname="src.in.valtech.cl.scenarios.TC_Scenario_04" name="step179_EnterQutyINAddPctsByQTYFld" time="4.336"/>
  <testcase classname="src.in.valtech.cl.scenarios.TC_Scenario_04" name="step124_ClickOnCheckboxToSelectTheProduct" time="7.222"/>
  <testcase classname="src.in.valtech.cl.scenarios.TC_Scenario_04" name="step154_ReturnstxtFromSalesIconClick" time="14.962"/>
  <testcase classname="src.in.valtech.cl.scenarios.TC_Scenario_04" name="step195_NavigatedIntoAdyenAndClickOnPaymentTab" time="78.887"/>
  <testcase classname="src.in.valtech.cl.scenarios.TC_Scenario_04" name="step34_OpenNewTabAndNavigatedtoMagentoBO" time="8.264"/>
  <testcase classname="src.in.valtech.cl.scenarios.TC_Scenario_04" name="step182_ClickOnExchangePaymentRadioBtn" time="9.332"/>
  <testcase classname="src.in.valtech.cl.scenarios.TC_Scenario_04" name="step36_EnteredPasswordField" time="5.031"/>
</testsuite> <!-- src.in.valtech.cl.scenarios.TC_Scenario_04 -->
